{"D:\\VISUALKURS\\visualaboratory\\lab1.js": {"path":"D:\\VISUALKURS\\visualaboratory\\lab1.js","statementMap":{"0":{"start":{"line":2,"column":0},"end":{"line":2,"column":null}},"1":{"start":{"line":3,"column":0},"end":{"line":3,"column":null}},"2":{"start":{"line":4,"column":0},"end":{"line":4,"column":null}},"3":{"start":{"line":6,"column":4},"end":{"line":6,"column":null}},"4":{"start":{"line":8,"column":12},"end":{"line":8,"column":51}},"5":{"start":{"line":9,"column":12},"end":{"line":9,"column":47}},"6":{"start":{"line":10,"column":0},"end":{"line":10,"column":null}},"7":{"start":{"line":11,"column":0},"end":{"line":11,"column":null}},"8":{"start":{"line":13,"column":4},"end":{"line":13,"column":null}},"9":{"start":{"line":16,"column":4},"end":{"line":16,"column":null}},"10":{"start":{"line":17,"column":4},"end":{"line":17,"column":null}},"11":{"start":{"line":18,"column":4},"end":{"line":18,"column":null}},"12":{"start":{"line":19,"column":4},"end":{"line":19,"column":null}},"13":{"start":{"line":21,"column":12},"end":{"line":25,"column":1}},"14":{"start":{"line":26,"column":12},"end":{"line":31,"column":1}},"15":{"start":{"line":32,"column":0},"end":{"line":32,"column":null}},"16":{"start":{"line":33,"column":0},"end":{"line":33,"column":null}},"17":{"start":{"line":34,"column":0},"end":{"line":34,"column":null}},"18":{"start":{"line":35,"column":0},"end":{"line":35,"column":null}},"19":{"start":{"line":38,"column":4},"end":{"line":45,"column":null}},"20":{"start":{"line":39,"column":16},"end":{"line":39,"column":70}},"21":{"start":{"line":40,"column":8},"end":{"line":40,"column":null}},"22":{"start":{"line":43,"column":16},"end":{"line":43,"column":68}},"23":{"start":{"line":44,"column":8},"end":{"line":44,"column":null}},"24":{"start":{"line":47,"column":0},"end":{"line":47,"column":null}},"25":{"start":{"line":48,"column":0},"end":{"line":48,"column":null}},"26":{"start":{"line":49,"column":0},"end":{"line":49,"column":null}},"27":{"start":{"line":50,"column":0},"end":{"line":50,"column":null}},"28":{"start":{"line":52,"column":4},"end":{"line":54,"column":null}},"29":{"start":{"line":53,"column":8},"end":{"line":53,"column":null}},"30":{"start":{"line":55,"column":4},"end":{"line":60,"column":null}},"31":{"start":{"line":56,"column":8},"end":{"line":56,"column":null}},"32":{"start":{"line":59,"column":8},"end":{"line":59,"column":null}},"33":{"start":{"line":62,"column":0},"end":{"line":62,"column":null}},"34":{"start":{"line":63,"column":0},"end":{"line":63,"column":null}},"35":{"start":{"line":64,"column":0},"end":{"line":64,"column":null}},"36":{"start":{"line":65,"column":17},"end":{"line":76,"column":1}},"37":{"start":{"line":67,"column":4},"end":{"line":67,"column":null}},"38":{"start":{"line":67,"column":32},"end":{"line":67,"column":50}},"39":{"start":{"line":68,"column":4},"end":{"line":70,"column":null}},"40":{"start":{"line":69,"column":8},"end":{"line":69,"column":null}},"41":{"start":{"line":71,"column":12},"end":{"line":71,"column":100}},"42":{"start":{"line":72,"column":4},"end":{"line":74,"column":null}},"43":{"start":{"line":73,"column":18},"end":{"line":73,"column":37}},"44":{"start":{"line":75,"column":4},"end":{"line":75,"column":null}},"45":{"start":{"line":77,"column":18},"end":{"line":87,"column":1}},"46":{"start":{"line":78,"column":4},"end":{"line":78,"column":null}},"47":{"start":{"line":78,"column":32},"end":{"line":78,"column":50}},"48":{"start":{"line":79,"column":4},"end":{"line":81,"column":null}},"49":{"start":{"line":80,"column":8},"end":{"line":80,"column":null}},"50":{"start":{"line":82,"column":12},"end":{"line":82,"column":24}},"51":{"start":{"line":83,"column":4},"end":{"line":85,"column":null}},"52":{"start":{"line":84,"column":8},"end":{"line":84,"column":null}},"53":{"start":{"line":86,"column":4},"end":{"line":86,"column":null}},"54":{"start":{"line":88,"column":0},"end":{"line":88,"column":null}},"55":{"start":{"line":89,"column":0},"end":{"line":89,"column":null}},"56":{"start":{"line":92,"column":4},"end":{"line":92,"column":null}},"57":{"start":{"line":94,"column":14},"end":{"line":94,"column":40}},"58":{"start":{"line":95,"column":15},"end":{"line":95,"column":29}},"59":{"start":{"line":96,"column":0},"end":{"line":96,"column":null}},"60":{"start":{"line":97,"column":0},"end":{"line":97,"column":null}},"61":{"start":{"line":98,"column":10},"end":{"line":102,"column":1}},"62":{"start":{"line":104,"column":4},"end":{"line":109,"column":null}},"63":{"start":{"line":104,"column":18},"end":{"line":104,"column":19}},"64":{"start":{"line":104,"column":31},"end":{"line":104,"column":36}},"65":{"start":{"line":105,"column":19},"end":{"line":105,"column":30}},"66":{"start":{"line":106,"column":8},"end":{"line":108,"column":null}},"67":{"start":{"line":107,"column":12},"end":{"line":107,"column":null}},"68":{"start":{"line":110,"column":4},"end":{"line":110,"column":null}},"69":{"start":{"line":112,"column":0},"end":{"line":112,"column":null}}},"fnMap":{"0":{"name":"createUser","decl":{"start":{"line":5,"column":9},"end":{"line":5,"column":19}},"loc":{"start":{"line":5,"column":52},"end":{"line":7,"column":null}},"line":5},"1":{"name":"createBook","decl":{"start":{"line":12,"column":9},"end":{"line":12,"column":19}},"loc":{"start":{"line":12,"column":26},"end":{"line":14,"column":null}},"line":12},"2":{"name":"printBook","decl":{"start":{"line":15,"column":9},"end":{"line":15,"column":18}},"loc":{"start":{"line":15,"column":25},"end":{"line":20,"column":null}},"line":15},"3":{"name":"calculateArea","decl":{"start":{"line":36,"column":9},"end":{"line":36,"column":22}},"loc":{"start":{"line":36,"column":37},"end":{"line":46,"column":null}},"line":36},"4":{"name":"getStatusColor","decl":{"start":{"line":51,"column":9},"end":{"line":51,"column":23}},"loc":{"start":{"line":51,"column":32},"end":{"line":61,"column":null}},"line":51},"5":{"name":"(anonymous_5)","decl":{"start":{"line":65,"column":17},"end":{"line":65,"column":25}},"loc":{"start":{"line":65,"column":45},"end":{"line":76,"column":1}},"line":65},"6":{"name":"(anonymous_6)","decl":{"start":{"line":77,"column":18},"end":{"line":77,"column":26}},"loc":{"start":{"line":77,"column":46},"end":{"line":87,"column":1}},"line":77},"7":{"name":"getFirstElement","decl":{"start":{"line":91,"column":9},"end":{"line":91,"column":24}},"loc":{"start":{"line":91,"column":30},"end":{"line":93,"column":null}},"line":91},"8":{"name":"findById","decl":{"start":{"line":103,"column":9},"end":{"line":103,"column":17}},"loc":{"start":{"line":103,"column":29},"end":{"line":111,"column":null}},"line":103}},"branchMap":{"0":{"loc":{"start":{"line":38,"column":4},"end":{"line":45,"column":null}},"type":"if","locations":[{"start":{"line":38,"column":4},"end":{"line":45,"column":null}},{"start":{"line":42,"column":9},"end":{"line":45,"column":null}}],"line":38},"1":{"loc":{"start":{"line":39,"column":16},"end":{"line":39,"column":70}},"type":"cond-expr","locations":[{"start":{"line":39,"column":64},"end":{"line":39,"column":66}},{"start":{"line":39,"column":69},"end":{"line":39,"column":70}}],"line":39},"2":{"loc":{"start":{"line":39,"column":16},"end":{"line":39,"column":61}},"type":"binary-expr","locations":[{"start":{"line":39,"column":16},"end":{"line":39,"column":44}},{"start":{"line":39,"column":48},"end":{"line":39,"column":61}}],"line":39},"3":{"loc":{"start":{"line":43,"column":16},"end":{"line":43,"column":68}},"type":"cond-expr","locations":[{"start":{"line":43,"column":62},"end":{"line":43,"column":64}},{"start":{"line":43,"column":67},"end":{"line":43,"column":68}}],"line":43},"4":{"loc":{"start":{"line":43,"column":16},"end":{"line":43,"column":59}},"type":"binary-expr","locations":[{"start":{"line":43,"column":16},"end":{"line":43,"column":42}},{"start":{"line":43,"column":46},"end":{"line":43,"column":59}}],"line":43},"5":{"loc":{"start":{"line":52,"column":4},"end":{"line":54,"column":null}},"type":"if","locations":[{"start":{"line":52,"column":4},"end":{"line":54,"column":null}},{"start":{},"end":{}}],"line":52},"6":{"loc":{"start":{"line":55,"column":4},"end":{"line":60,"column":null}},"type":"if","locations":[{"start":{"line":55,"column":4},"end":{"line":60,"column":null}},{"start":{"line":58,"column":9},"end":{"line":60,"column":null}}],"line":55},"7":{"loc":{"start":{"line":67,"column":4},"end":{"line":67,"column":null}},"type":"if","locations":[{"start":{"line":67,"column":4},"end":{"line":67,"column":null}},{"start":{},"end":{}}],"line":67},"8":{"loc":{"start":{"line":68,"column":4},"end":{"line":70,"column":null}},"type":"if","locations":[{"start":{"line":68,"column":4},"end":{"line":70,"column":null}},{"start":{},"end":{}}],"line":68},"9":{"loc":{"start":{"line":71,"column":13},"end":{"line":71,"column":82}},"type":"cond-expr","locations":[{"start":{"line":71,"column":57},"end":{"line":71,"column":63}},{"start":{"line":71,"column":66},"end":{"line":71,"column":82}}],"line":71},"10":{"loc":{"start":{"line":71,"column":13},"end":{"line":71,"column":54}},"type":"binary-expr","locations":[{"start":{"line":71,"column":13},"end":{"line":71,"column":37}},{"start":{"line":71,"column":41},"end":{"line":71,"column":54}}],"line":71},"11":{"loc":{"start":{"line":72,"column":4},"end":{"line":74,"column":null}},"type":"if","locations":[{"start":{"line":72,"column":4},"end":{"line":74,"column":null}},{"start":{},"end":{}}],"line":72},"12":{"loc":{"start":{"line":78,"column":4},"end":{"line":78,"column":null}},"type":"if","locations":[{"start":{"line":78,"column":4},"end":{"line":78,"column":null}},{"start":{},"end":{}}],"line":78},"13":{"loc":{"start":{"line":79,"column":4},"end":{"line":81,"column":null}},"type":"if","locations":[{"start":{"line":79,"column":4},"end":{"line":81,"column":null}},{"start":{},"end":{}}],"line":79},"14":{"loc":{"start":{"line":83,"column":4},"end":{"line":85,"column":null}},"type":"if","locations":[{"start":{"line":83,"column":4},"end":{"line":85,"column":null}},{"start":{},"end":{}}],"line":83},"15":{"loc":{"start":{"line":92,"column":11},"end":{"line":92,"column":46}},"type":"cond-expr","locations":[{"start":{"line":92,"column":28},"end":{"line":92,"column":34}},{"start":{"line":92,"column":37},"end":{"line":92,"column":46}}],"line":92},"16":{"loc":{"start":{"line":106,"column":8},"end":{"line":108,"column":null}},"type":"if","locations":[{"start":{"line":106,"column":8},"end":{"line":108,"column":null}},{"start":{},"end":{}}],"line":106}},"s":{"0":1,"1":1,"2":1,"3":4,"4":1,"5":1,"6":1,"7":1,"8":0,"9":2,"10":2,"11":2,"12":2,"13":1,"14":1,"15":1,"16":1,"17":1,"18":1,"19":2,"20":1,"21":1,"22":1,"23":1,"24":1,"25":1,"26":1,"27":1,"28":3,"29":1,"30":2,"31":1,"32":1,"33":1,"34":1,"35":1,"36":1,"37":1,"38":0,"39":1,"40":0,"41":1,"42":1,"43":0,"44":1,"45":1,"46":1,"47":0,"48":1,"49":0,"50":1,"51":1,"52":1,"53":1,"54":1,"55":1,"56":2,"57":1,"58":1,"59":1,"60":1,"61":1,"62":1,"63":1,"64":1,"65":2,"66":2,"67":1,"68":0,"69":1},"f":{"0":4,"1":0,"2":2,"3":2,"4":3,"5":1,"6":1,"7":2,"8":1},"b":{"0":[1,1],"1":[1,0],"2":[1,1],"3":[1,0],"4":[1,1],"5":[1,2],"6":[1,1],"7":[0,1],"8":[0,1],"9":[0,1],"10":[1,1],"11":[0,1],"12":[0,1],"13":[0,1],"14":[1,0],"15":[2,0],"16":[1,1]},"meta":{"lastBranch":17,"lastFunction":9,"lastStatement":70,"seen":{"s:2:0:2:Infinity":0,"s:3:0:3:Infinity":1,"s:4:0:4:Infinity":2,"f:5:9:5:19":0,"s:6:4:6:Infinity":3,"s:8:12:8:51":4,"s:9:12:9:47":5,"s:10:0:10:Infinity":6,"s:11:0:11:Infinity":7,"f:12:9:12:19":1,"s:13:4:13:Infinity":8,"f:15:9:15:18":2,"s:16:4:16:Infinity":9,"s:17:4:17:Infinity":10,"s:18:4:18:Infinity":11,"s:19:4:19:Infinity":12,"s:21:12:25:1":13,"s:26:12:31:1":14,"s:32:0:32:Infinity":15,"s:33:0:33:Infinity":16,"s:34:0:34:Infinity":17,"s:35:0:35:Infinity":18,"f:36:9:36:22":3,"b:38:4:45:Infinity:42:9:45:Infinity":0,"s:38:4:45:Infinity":19,"s:39:16:39:70":20,"b:39:64:39:66:39:69:39:70":1,"b:39:16:39:44:39:48:39:61":2,"s:40:8:40:Infinity":21,"s:43:16:43:68":22,"b:43:62:43:64:43:67:43:68":3,"b:43:16:43:42:43:46:43:59":4,"s:44:8:44:Infinity":23,"s:47:0:47:Infinity":24,"s:48:0:48:Infinity":25,"s:49:0:49:Infinity":26,"s:50:0:50:Infinity":27,"f:51:9:51:23":4,"b:52:4:54:Infinity:undefined:undefined:undefined:undefined":5,"s:52:4:54:Infinity":28,"s:53:8:53:Infinity":29,"b:55:4:60:Infinity:58:9:60:Infinity":6,"s:55:4:60:Infinity":30,"s:56:8:56:Infinity":31,"s:59:8:59:Infinity":32,"s:62:0:62:Infinity":33,"s:63:0:63:Infinity":34,"s:64:0:64:Infinity":35,"s:65:17:76:1":36,"f:65:17:65:25":5,"b:67:4:67:Infinity:undefined:undefined:undefined:undefined":7,"s:67:4:67:Infinity":37,"s:67:32:67:50":38,"b:68:4:70:Infinity:undefined:undefined:undefined:undefined":8,"s:68:4:70:Infinity":39,"s:69:8:69:Infinity":40,"s:71:12:71:100":41,"b:71:57:71:63:71:66:71:82":9,"b:71:13:71:37:71:41:71:54":10,"b:72:4:74:Infinity:undefined:undefined:undefined:undefined":11,"s:72:4:74:Infinity":42,"s:73:18:73:37":43,"s:75:4:75:Infinity":44,"s:77:18:87:1":45,"f:77:18:77:26":6,"b:78:4:78:Infinity:undefined:undefined:undefined:undefined":12,"s:78:4:78:Infinity":46,"s:78:32:78:50":47,"b:79:4:81:Infinity:undefined:undefined:undefined:undefined":13,"s:79:4:81:Infinity":48,"s:80:8:80:Infinity":49,"s:82:12:82:24":50,"b:83:4:85:Infinity:undefined:undefined:undefined:undefined":14,"s:83:4:85:Infinity":51,"s:84:8:84:Infinity":52,"s:86:4:86:Infinity":53,"s:88:0:88:Infinity":54,"s:89:0:89:Infinity":55,"f:91:9:91:24":7,"s:92:4:92:Infinity":56,"b:92:28:92:34:92:37:92:46":15,"s:94:14:94:40":57,"s:95:15:95:29":58,"s:96:0:96:Infinity":59,"s:97:0:97:Infinity":60,"s:98:10:102:1":61,"f:103:9:103:17":8,"s:104:4:109:Infinity":62,"s:104:18:104:19":63,"s:104:31:104:36":64,"s:105:19:105:30":65,"b:106:8:108:Infinity:undefined:undefined:undefined:undefined":16,"s:106:8:108:Infinity":66,"s:107:12:107:Infinity":67,"s:110:4:110:Infinity":68,"s:112:0:112:Infinity":69}}}
}
