{"D:\\VISUALKURS\\visualaboratory\\src\\lab1.ts": {"path":"D:\\VISUALKURS\\visualaboratory\\src\\lab1.ts","statementMap":{"0":{"start":{"line":9,"column":4},"end":{"line":9,"column":null}},"1":{"start":{"line":12,"column":12},"end":{"line":12,"column":null}},"2":{"start":{"line":13,"column":11},"end":{"line":13,"column":null}},"3":{"start":{"line":15,"column":0},"end":{"line":15,"column":null}},"4":{"start":{"line":16,"column":0},"end":{"line":16,"column":null}},"5":{"start":{"line":31,"column":4},"end":{"line":31,"column":null}},"6":{"start":{"line":36,"column":4},"end":{"line":36,"column":null}},"7":{"start":{"line":37,"column":4},"end":{"line":37,"column":null}},"8":{"start":{"line":38,"column":4},"end":{"line":38,"column":null}},"9":{"start":{"line":39,"column":4},"end":{"line":39,"column":null}},"10":{"start":{"line":41,"column":18},"end":{"line":45,"column":null}},"11":{"start":{"line":47,"column":18},"end":{"line":52,"column":null}},"12":{"start":{"line":54,"column":16},"end":{"line":54,"column":null}},"13":{"start":{"line":55,"column":0},"end":{"line":55,"column":null}},"14":{"start":{"line":56,"column":0},"end":{"line":56,"column":null}},"15":{"start":{"line":58,"column":0},"end":{"line":58,"column":null}},"16":{"start":{"line":59,"column":0},"end":{"line":59,"column":null}},"17":{"start":{"line":67,"column":4},"end":{"line":74,"column":null}},"18":{"start":{"line":68,"column":18},"end":{"line":68,"column":null}},"19":{"start":{"line":69,"column":8},"end":{"line":69,"column":null}},"20":{"start":{"line":72,"column":18},"end":{"line":72,"column":null}},"21":{"start":{"line":73,"column":8},"end":{"line":73,"column":null}},"22":{"start":{"line":77,"column":0},"end":{"line":77,"column":null}},"23":{"start":{"line":78,"column":0},"end":{"line":78,"column":null}},"24":{"start":{"line":79,"column":0},"end":{"line":79,"column":null}},"25":{"start":{"line":80,"column":0},"end":{"line":80,"column":null}},"26":{"start":{"line":89,"column":4},"end":{"line":91,"column":null}},"27":{"start":{"line":90,"column":8},"end":{"line":90,"column":null}},"28":{"start":{"line":92,"column":4},"end":{"line":97,"column":null}},"29":{"start":{"line":93,"column":8},"end":{"line":93,"column":null}},"30":{"start":{"line":96,"column":8},"end":{"line":96,"column":null}},"31":{"start":{"line":100,"column":0},"end":{"line":100,"column":null}},"32":{"start":{"line":101,"column":0},"end":{"line":101,"column":null}},"33":{"start":{"line":102,"column":0},"end":{"line":102,"column":null}},"34":{"start":{"line":108,"column":43},"end":{"line":118,"column":null}},"35":{"start":{"line":109,"column":4},"end":{"line":111,"column":null}},"36":{"start":{"line":110,"column":8},"end":{"line":110,"column":null}},"37":{"start":{"line":113,"column":12},"end":{"line":113,"column":null}},"38":{"start":{"line":114,"column":4},"end":{"line":116,"column":null}},"39":{"start":{"line":115,"column":7},"end":{"line":115,"column":null}},"40":{"start":{"line":117,"column":4},"end":{"line":117,"column":null}},"41":{"start":{"line":120,"column":44},"end":{"line":131,"column":null}},"42":{"start":{"line":121,"column":4},"end":{"line":123,"column":null}},"43":{"start":{"line":122,"column":8},"end":{"line":122,"column":null}},"44":{"start":{"line":125,"column":12},"end":{"line":125,"column":null}},"45":{"start":{"line":127,"column":4},"end":{"line":129,"column":null}},"46":{"start":{"line":128,"column":9},"end":{"line":128,"column":null}},"47":{"start":{"line":130,"column":4},"end":{"line":130,"column":null}},"48":{"start":{"line":133,"column":14},"end":{"line":133,"column":null}},"49":{"start":{"line":134,"column":14},"end":{"line":134,"column":null}},"50":{"start":{"line":136,"column":0},"end":{"line":136,"column":null}},"51":{"start":{"line":137,"column":0},"end":{"line":137,"column":null}},"52":{"start":{"line":144,"column":4},"end":{"line":144,"column":null}},"53":{"start":{"line":147,"column":24},"end":{"line":147,"column":null}},"54":{"start":{"line":148,"column":25},"end":{"line":148,"column":null}},"55":{"start":{"line":149,"column":0},"end":{"line":149,"column":null}},"56":{"start":{"line":150,"column":0},"end":{"line":150,"column":null}},"57":{"start":{"line":158,"column":19},"end":{"line":162,"column":null}},"58":{"start":{"line":166,"column":4},"end":{"line":170,"column":null}},"59":{"start":{"line":167,"column":8},"end":{"line":169,"column":null}},"60":{"start":{"line":168,"column":12},"end":{"line":168,"column":null}},"61":{"start":{"line":171,"column":4},"end":{"line":171,"column":null}},"62":{"start":{"line":174,"column":0},"end":{"line":174,"column":null}}},"fnMap":{"0":{"name":"createUser","decl":{"start":{"line":8,"column":16},"end":{"line":8,"column":27}},"loc":{"start":{"line":8,"column":97},"end":{"line":10,"column":null}},"line":8},"1":{"name":"createBook","decl":{"start":{"line":30,"column":16},"end":{"line":30,"column":27}},"loc":{"start":{"line":30,"column":44},"end":{"line":32,"column":null}},"line":30},"2":{"name":"printBook","decl":{"start":{"line":35,"column":16},"end":{"line":35,"column":26}},"loc":{"start":{"line":35,"column":45},"end":{"line":40,"column":null}},"line":35},"3":{"name":"calculateArea","decl":{"start":{"line":66,"column":16},"end":{"line":66,"column":30}},"loc":{"start":{"line":66,"column":106},"end":{"line":75,"column":null}},"line":66},"4":{"name":"getStatusColor","decl":{"start":{"line":88,"column":16},"end":{"line":88,"column":31}},"loc":{"start":{"line":88,"column":54},"end":{"line":98,"column":null}},"line":88},"5":{"name":"(anonymous_5)","decl":{"start":{"line":108,"column":43},"end":{"line":108,"column":44}},"loc":{"start":{"line":108,"column":73},"end":{"line":118,"column":null}},"line":108},"6":{"name":"(anonymous_6)","decl":{"start":{"line":120,"column":44},"end":{"line":120,"column":45}},"loc":{"start":{"line":120,"column":74},"end":{"line":131,"column":null}},"line":120},"7":{"name":"getFirstElement","decl":{"start":{"line":143,"column":16},"end":{"line":143,"column":35}},"loc":{"start":{"line":143,"column":60},"end":{"line":145,"column":null}},"line":143},"8":{"name":"findById","decl":{"start":{"line":165,"column":16},"end":{"line":165,"column":42}},"loc":{"start":{"line":165,"column":80},"end":{"line":172,"column":null}},"line":165}},"branchMap":{"0":{"loc":{"start":{"line":67,"column":4},"end":{"line":74,"column":null}},"type":"if","locations":[{"start":{"line":67,"column":4},"end":{"line":74,"column":null}},{"start":{"line":71,"column":8},"end":{"line":74,"column":null}}],"line":67},"1":{"loc":{"start":{"line":68,"column":18},"end":{"line":68,"column":null}},"type":"binary-expr","locations":[{"start":{"line":68,"column":18},"end":{"line":68,"column":33}},{"start":{"line":68,"column":33},"end":{"line":68,"column":null}}],"line":68},"2":{"loc":{"start":{"line":72,"column":18},"end":{"line":72,"column":null}},"type":"binary-expr","locations":[{"start":{"line":72,"column":18},"end":{"line":72,"column":31}},{"start":{"line":72,"column":31},"end":{"line":72,"column":null}}],"line":72},"3":{"loc":{"start":{"line":89,"column":4},"end":{"line":91,"column":null}},"type":"if","locations":[{"start":{"line":89,"column":4},"end":{"line":91,"column":null}},{"start":{},"end":{}}],"line":89},"4":{"loc":{"start":{"line":92,"column":4},"end":{"line":97,"column":null}},"type":"if","locations":[{"start":{"line":92,"column":4},"end":{"line":97,"column":null}},{"start":{"line":95,"column":8},"end":{"line":97,"column":null}}],"line":92},"5":{"loc":{"start":{"line":108,"column":51},"end":{"line":108,"column":73}},"type":"default-arg","locations":[{"start":{"line":108,"column":63},"end":{"line":108,"column":73}}],"line":108},"6":{"loc":{"start":{"line":109,"column":4},"end":{"line":111,"column":null}},"type":"if","locations":[{"start":{"line":109,"column":4},"end":{"line":111,"column":null}},{"start":{},"end":{}}],"line":109},"7":{"loc":{"start":{"line":114,"column":4},"end":{"line":116,"column":null}},"type":"if","locations":[{"start":{"line":114,"column":4},"end":{"line":116,"column":null}},{"start":{},"end":{}}],"line":114},"8":{"loc":{"start":{"line":120,"column":52},"end":{"line":120,"column":74}},"type":"default-arg","locations":[{"start":{"line":120,"column":64},"end":{"line":120,"column":74}}],"line":120},"9":{"loc":{"start":{"line":121,"column":4},"end":{"line":123,"column":null}},"type":"if","locations":[{"start":{"line":121,"column":4},"end":{"line":123,"column":null}},{"start":{},"end":{}}],"line":121},"10":{"loc":{"start":{"line":127,"column":4},"end":{"line":129,"column":null}},"type":"if","locations":[{"start":{"line":127,"column":4},"end":{"line":129,"column":null}},{"start":{},"end":{}}],"line":127},"11":{"loc":{"start":{"line":144,"column":11},"end":{"line":144,"column":null}},"type":"cond-expr","locations":[{"start":{"line":144,"column":26},"end":{"line":144,"column":35}},{"start":{"line":144,"column":35},"end":{"line":144,"column":null}}],"line":144},"12":{"loc":{"start":{"line":167,"column":8},"end":{"line":169,"column":null}},"type":"if","locations":[{"start":{"line":167,"column":8},"end":{"line":169,"column":null}},{"start":{},"end":{}}],"line":167}},"s":{"0":4,"1":1,"2":1,"3":1,"4":1,"5":2,"6":2,"7":2,"8":2,"9":2,"10":1,"11":1,"12":1,"13":1,"14":1,"15":1,"16":1,"17":5,"18":3,"19":3,"20":2,"21":2,"22":1,"23":1,"24":1,"25":1,"26":6,"27":2,"28":4,"29":2,"30":2,"31":1,"32":1,"33":1,"34":1,"35":3,"36":1,"37":2,"38":3,"39":2,"40":2,"41":1,"42":3,"43":1,"44":2,"45":2,"46":1,"47":2,"48":1,"49":1,"50":1,"51":1,"52":4,"53":1,"54":1,"55":1,"56":1,"57":1,"58":3,"59":5,"60":2,"61":1,"62":1},"f":{"0":4,"1":2,"2":2,"3":5,"4":6,"5":3,"6":3,"7":4,"8":3},"b":{"0":[3,2],"1":[3,0],"2":[2,0],"3":[2,4],"4":[2,2],"5":[3],"6":[1,2],"7":[2,1],"8":[3],"9":[1,2],"10":[1,1],"11":[4,0],"12":[2,3]},"meta":{"lastBranch":13,"lastFunction":9,"lastStatement":63,"seen":{"f:8:16:8:27":0,"s:9:4:9:Infinity":0,"s:12:12:12:Infinity":1,"s:13:11:13:Infinity":2,"s:15:0:15:Infinity":3,"s:16:0:16:Infinity":4,"f:30:16:30:27":1,"s:31:4:31:Infinity":5,"f:35:16:35:26":2,"s:36:4:36:Infinity":6,"s:37:4:37:Infinity":7,"s:38:4:38:Infinity":8,"s:39:4:39:Infinity":9,"s:41:18:45:Infinity":10,"s:47:18:52:Infinity":11,"s:54:16:54:Infinity":12,"s:55:0:55:Infinity":13,"s:56:0:56:Infinity":14,"s:58:0:58:Infinity":15,"s:59:0:59:Infinity":16,"f:66:16:66:30":3,"b:67:4:74:Infinity:71:8:74:Infinity":0,"s:67:4:74:Infinity":17,"s:68:18:68:Infinity":18,"b:68:18:68:33:68:33:68:Infinity":1,"s:69:8:69:Infinity":19,"s:72:18:72:Infinity":20,"b:72:18:72:31:72:31:72:Infinity":2,"s:73:8:73:Infinity":21,"s:77:0:77:Infinity":22,"s:78:0:78:Infinity":23,"s:79:0:79:Infinity":24,"s:80:0:80:Infinity":25,"f:88:16:88:31":4,"b:89:4:91:Infinity:undefined:undefined:undefined:undefined":3,"s:89:4:91:Infinity":26,"s:90:8:90:Infinity":27,"b:92:4:97:Infinity:95:8:97:Infinity":4,"s:92:4:97:Infinity":28,"s:93:8:93:Infinity":29,"s:96:8:96:Infinity":30,"s:100:0:100:Infinity":31,"s:101:0:101:Infinity":32,"s:102:0:102:Infinity":33,"s:108:43:118:Infinity":34,"f:108:43:108:44":5,"b:108:63:108:73":5,"b:109:4:111:Infinity:undefined:undefined:undefined:undefined":6,"s:109:4:111:Infinity":35,"s:110:8:110:Infinity":36,"s:113:12:113:Infinity":37,"b:114:4:116:Infinity:undefined:undefined:undefined:undefined":7,"s:114:4:116:Infinity":38,"s:115:7:115:Infinity":39,"s:117:4:117:Infinity":40,"s:120:44:131:Infinity":41,"f:120:44:120:45":6,"b:120:64:120:74":8,"b:121:4:123:Infinity:undefined:undefined:undefined:undefined":9,"s:121:4:123:Infinity":42,"s:122:8:122:Infinity":43,"s:125:12:125:Infinity":44,"b:127:4:129:Infinity:undefined:undefined:undefined:undefined":10,"s:127:4:129:Infinity":45,"s:128:9:128:Infinity":46,"s:130:4:130:Infinity":47,"s:133:14:133:Infinity":48,"s:134:14:134:Infinity":49,"s:136:0:136:Infinity":50,"s:137:0:137:Infinity":51,"f:143:16:143:35":7,"s:144:4:144:Infinity":52,"b:144:26:144:35:144:35:144:Infinity":11,"s:147:24:147:Infinity":53,"s:148:25:148:Infinity":54,"s:149:0:149:Infinity":55,"s:150:0:150:Infinity":56,"s:158:19:162:Infinity":57,"f:165:16:165:42":8,"s:166:4:170:Infinity":58,"b:167:8:169:Infinity:undefined:undefined:undefined:undefined":12,"s:167:8:169:Infinity":59,"s:168:12:168:Infinity":60,"s:171:4:171:Infinity":61,"s:174:0:174:Infinity":62}}}
}
